<?xml version="1.0" encoding="UTF-8"?>
<!-- Generated by org.testng.reporters.JUnitReportReporter -->
<testsuite hostname="Matty" failures="0" tests="3" name="scrip2" time="11.296" errors="0" timestamp="30 May 2019 05:34:23 GMT" skipped="0">
  <testcase classname="scrip2" name="testcase1" time="7.341"/>
  <testcase classname="scrip2" name="testcase1" time="1.135"/>
  <testcase classname="scrip2" name="testcase1" time="2.820"/>
</testsuite> <!-- scrip2 -->
