<?xml version="1.0" encoding="UTF-8"?>
<!-- Generated by org.testng.reporters.JUnitReportReporter -->
<testsuite hostname="Matty" failures="0" tests="2" name="Agileproject" time="10.605" errors="0" timestamp="20 May 2019 10:50:03 GMT" skipped="0">
  <testcase classname="Agileproject" name="testcase1" time="7.822"/>
  <testcase classname="Agileproject" name="testcase5" time="2.783"/>
</testsuite> <!-- Agileproject -->
